2023.04.20 00:28:05 INFO  Started: Metals version 0.11.11 in workspace 'D:\2sd year semester 2\DS\labs\Shortest-Paths-Algorithms' for client Visual Studio Code 1.77.3.
SLF4J: No SLF4J providers were found.
SLF4J: Defaulting to no-operation (NOP) logger implementation
SLF4J: See https://www.slf4j.org/codes.html#noProviders for further details.
SLF4J: Class path contains SLF4J bindings targeting slf4j-api versions 1.7.x or earlier.
SLF4J: Ignoring binding found at [jar:file:/C:/Users/nancy/AppData/Local/Coursier/cache/v1/https/repo1.maven.org/maven2/com/outr/scribe-slf4j_2.13/3.11.0/scribe-slf4j_2.13-3.11.0.jar!/org/slf4j/impl/StaticLoggerBinder.class]
SLF4J: See https://www.slf4j.org/codes.html#ignoredBindings for an explanation.
2023.04.20 00:28:07 INFO  time: initialize in 1.37s
2023.04.20 00:28:08 WARN  Build server is not auto-connectable.
2023.04.20 00:28:08 WARN  no build target for: D:\2sd year semester 2\DS\labs\Shortest-Paths-Algorithms\src\main\java\GraphCLI.java
2023.04.20 00:28:11 WARN  no build target for: D:\2sd year semester 2\DS\labs\Shortest-Paths-Algorithms\src\main\java\Graph.java
2023.04.20 00:28:12 WARN  no build target for: D:\2sd year semester 2\DS\labs\Shortest-Paths-Algorithms\src\main\java\GraphCLI.java
2023.04.20 00:28:21 WARN  no build target for: D:\2sd year semester 2\DS\labs\Shortest-Paths-Algorithms\src\main\java\Graph.java
2023.04.20 00:28:32 WARN  no build target for: D:\2sd year semester 2\DS\labs\Shortest-Paths-Algorithms\src\main\java\Graph.java
2023.04.20 00:28:33 WARN  no build target for: D:\2sd year semester 2\DS\labs\Shortest-Paths-Algorithms\src\main\java\Graph.java
2023.04.20 00:28:45 WARN  no build target for: D:\2sd year semester 2\DS\labs\Shortest-Paths-Algorithms\src\main\java\Graph.java
2023.04.20 00:28:47 WARN  no build target for: D:\2sd year semester 2\DS\labs\Shortest-Paths-Algorithms\src\main\java\Graph.java
2023.04.20 00:29:23 WARN  no build target for: D:\2sd year semester 2\DS\labs\Shortest-Paths-Algorithms\src\main\java\Graph.java
2023.04.20 00:29:28 WARN  no build target for: D:\2sd year semester 2\DS\labs\Shortest-Paths-Algorithms\src\main\java\Graph.java
Apr 20, 2023 12:29:35 AM org.eclipse.lsp4j.jsonrpc.RemoteEndpoint handleCancellation
WARNING: Unmatched cancel notification for request id 113
2023.04.20 00:29:54 WARN  no build target for: D:\2sd year semester 2\DS\labs\Shortest-Paths-Algorithms\src\main\java\GraphCLI.java
2023.04.20 00:30:50 WARN  no build target for: D:\2sd year semester 2\DS\labs\Shortest-Paths-Algorithms\src\main\java\tempCodeRunnerFile.java
2023.04.20 00:30:53 WARN  no build target for: D:\2sd year semester 2\DS\labs\Shortest-Paths-Algorithms\src\main\java\tempCodeRunnerFile.java
2023.04.20 00:32:11 INFO  Shutting down server
2023.04.20 00:32:11 INFO  shutting down Metals
2023.04.20 00:32:11 INFO  Exiting server
